GAS LISTING C:\Users\acer\AppData\Local\Temp/ccdebnEe.s 			page 1


   1               		.file	"five_thread.c"
   2               	__SREG__ = 0x3f
   3               	__SP_H__ = 0x3e
   4               	__SP_L__ = 0x3d
   5               	__CCP__  = 0x34
   6               	__tmp_reg__ = 0
   7               	__zero_reg__ = 1
   8               		.section	.text.TimerTick,"ax",@progbits
   9               	.global	TimerTick
  10               		.type	TimerTick, @function
  11               	TimerTick:
  12               	/* prologue: function */
  13               	/* frame size = 0 */
  14 0000 8091 0000 		lds r24,tick_count.2492
  15 0004 9091 0000 		lds r25,(tick_count.2492)+1
  16 0008 A091 0000 		lds r26,(tick_count.2492)+2
  17 000c B091 0000 		lds r27,(tick_count.2492)+3
  18 0010 0196      		adiw r24,1
  19 0012 A11D      		adc r26,__zero_reg__
  20 0014 B11D      		adc r27,__zero_reg__
  21 0016 8093 0000 		sts tick_count.2492,r24
  22 001a 9093 0000 		sts (tick_count.2492)+1,r25
  23 001e A093 0000 		sts (tick_count.2492)+2,r26
  24 0022 B093 0000 		sts (tick_count.2492)+3,r27
  25               	/* epilogue start */
  26 0026 0895      		ret
  27               		.size	TimerTick, .-TimerTick
  28               		.data
  29               	.LC0:
  30 0000 722B 00   		.string	"r+"
  31               	.LC1:
  32 0003 7431 00   		.string	"t1"
  33               	.LC2:
  34 0006 7432 00   		.string	"t2"
  35               	.LC3:
  36 0009 7433 00   		.string	"t3"
  37               	.LC4:
  38 000c 7434 00   		.string	"t4"
  39               	.LC5:
  40 000f 7435 00   		.string	"t5"
  41               		.section	.text.NutAppMain,"ax",@progbits
  42               	.global	NutAppMain
  43               		.type	NutAppMain, @function
  44               	NutAppMain:
  45               	/* prologue: function */
  46               	/* frame size = 0 */
  47 0000 8FEF      		ldi r24,lo8(-1)
  48 0002 87BB      		out 55-32,r24
  49 0004 18BA      		out 56-32,__zero_reg__
  50 0006 80E0      		ldi r24,lo8(devDebug0)
  51 0008 90E0      		ldi r25,hi8(devDebug0)
  52 000a 60E0      		ldi r22,lo8(0)
  53 000c 70E0      		ldi r23,hi8(0)
  54 000e 40E0      		ldi r20,lo8(0)
  55 0010 0E94 0000 		call NutRegisterDevice
  56 0014 80E0      		ldi r24,lo8(devDebug0+2)
  57 0016 90E0      		ldi r25,hi8(devDebug0+2)
GAS LISTING C:\Users\acer\AppData\Local\Temp/ccdebnEe.s 			page 2


  58 0018 60E0      		ldi r22,lo8(.LC0)
  59 001a 70E0      		ldi r23,hi8(.LC0)
  60 001c 0E94 0000 		call fopen
  61 0020 9093 0000 		sts (uart)+1,r25
  62 0024 8093 0000 		sts uart,r24
  63 0028 0E94 0000 		call _fileno
  64 002c 61E0      		ldi r22,lo8(257)
  65 002e 71E0      		ldi r23,hi8(257)
  66 0030 40E0      		ldi r20,lo8(baud)
  67 0032 50E0      		ldi r21,hi8(baud)
  68 0034 0E94 0000 		call _ioctl
  69 0038 8091 0000 		lds r24,uart
  70 003c 9091 0000 		lds r25,(uart)+1
  71 0040 0E94 0000 		call _fileno
  72 0044 6091 0000 		lds r22,banner
  73 0048 7091 0000 		lds r23,banner+1
  74 004c FB01      		movw r30,r22
  75 004e DF01      		movw r26,r30
  76 0050 0D90      		ld __tmp_reg__,X+
  77 0052 0020      		tst __tmp_reg__
  78 0054 01F4      		brne .-6
  79 0056 1197      		sbiw r26,1
  80 0058 AE1B      		sub r26,r30
  81 005a BF0B      		sbc r27,r31
  82 005c AD01      		movw r20,r26
  83 005e 0E94 0000 		call _write
  84 0062 8091 0000 		lds r24,uart
  85 0066 9091 0000 		lds r25,(uart)+1
  86 006a 0E94 0000 		call _fileno
  87 006e 60E0      		ldi r22,lo8(presskey_P)
  88 0070 70E0      		ldi r23,hi8(presskey_P)
  89 0072 41E1      		ldi r20,lo8(17)
  90 0074 50E0      		ldi r21,hi8(17)
  91 0076 0E94 0000 		call _write_P
  92 007a 8091 0000 		lds r24,uart
  93 007e 9091 0000 		lds r25,(uart)+1
  94 0082 0E94 0000 		call _fileno
  95 0086 60E0      		ldi r22,lo8(0)
  96 0088 70E0      		ldi r23,hi8(0)
  97 008a 40E0      		ldi r20,lo8(0)
  98 008c 50E0      		ldi r21,hi8(0)
  99 008e 0E94 0000 		call _write
 100 0092 8091 0000 		lds r24,uart
 101 0096 9091 0000 		lds r25,(uart)+1
 102 009a 0E94 0000 		call _fileno
 103 009e 60E0      		ldi r22,lo8(inbuf)
 104 00a0 70E0      		ldi r23,hi8(inbuf)
 105 00a2 40E8      		ldi r20,lo8(128)
 106 00a4 50E0      		ldi r21,hi8(128)
 107 00a6 0E94 0000 		call _read
 108 00aa 9093 0000 		sts (got)+1,r25
 109 00ae 8093 0000 		sts got,r24
 110 00b2 8091 0000 		lds r24,uart
 111 00b6 9091 0000 		lds r25,(uart)+1
 112 00ba 0E94 0000 		call _fileno
 113 00be 4091 0000 		lds r20,got
 114 00c2 5091 0000 		lds r21,(got)+1
GAS LISTING C:\Users\acer\AppData\Local\Temp/ccdebnEe.s 			page 3


 115 00c6 60E0      		ldi r22,lo8(inbuf)
 116 00c8 70E0      		ldi r23,hi8(inbuf)
 117 00ca 0E94 0000 		call _write
 118 00ce 80E0      		ldi r24,lo8(.LC1)
 119 00d0 90E0      		ldi r25,hi8(.LC1)
 120 00d2 60E0      		ldi r22,lo8(gs(Thread1))
 121 00d4 70E0      		ldi r23,hi8(gs(Thread1))
 122 00d6 40E0      		ldi r20,lo8(0)
 123 00d8 50E0      		ldi r21,hi8(0)
 124 00da 20E0      		ldi r18,lo8(512)
 125 00dc 32E0      		ldi r19,hi8(512)
 126 00de 0E94 0000 		call NutThreadCreate
 127 00e2 80E0      		ldi r24,lo8(.LC2)
 128 00e4 90E0      		ldi r25,hi8(.LC2)
 129 00e6 60E0      		ldi r22,lo8(gs(Thread2))
 130 00e8 70E0      		ldi r23,hi8(gs(Thread2))
 131 00ea 40E0      		ldi r20,lo8(0)
 132 00ec 50E0      		ldi r21,hi8(0)
 133 00ee 20E0      		ldi r18,lo8(512)
 134 00f0 32E0      		ldi r19,hi8(512)
 135 00f2 0E94 0000 		call NutThreadCreate
 136 00f6 80E0      		ldi r24,lo8(.LC3)
 137 00f8 90E0      		ldi r25,hi8(.LC3)
 138 00fa 60E0      		ldi r22,lo8(gs(Thread3))
 139 00fc 70E0      		ldi r23,hi8(gs(Thread3))
 140 00fe 40E0      		ldi r20,lo8(0)
 141 0100 50E0      		ldi r21,hi8(0)
 142 0102 20E0      		ldi r18,lo8(512)
 143 0104 32E0      		ldi r19,hi8(512)
 144 0106 0E94 0000 		call NutThreadCreate
 145 010a 80E0      		ldi r24,lo8(.LC4)
 146 010c 90E0      		ldi r25,hi8(.LC4)
 147 010e 60E0      		ldi r22,lo8(gs(Thread4))
 148 0110 70E0      		ldi r23,hi8(gs(Thread4))
 149 0112 40E0      		ldi r20,lo8(0)
 150 0114 50E0      		ldi r21,hi8(0)
 151 0116 20E0      		ldi r18,lo8(512)
 152 0118 32E0      		ldi r19,hi8(512)
 153 011a 0E94 0000 		call NutThreadCreate
 154 011e 80E0      		ldi r24,lo8(.LC5)
 155 0120 90E0      		ldi r25,hi8(.LC5)
 156 0122 60E0      		ldi r22,lo8(gs(Thread5))
 157 0124 70E0      		ldi r23,hi8(gs(Thread5))
 158 0126 40E0      		ldi r20,lo8(0)
 159 0128 50E0      		ldi r21,hi8(0)
 160 012a 20E0      		ldi r18,lo8(512)
 161 012c 32E0      		ldi r19,hi8(512)
 162 012e 0E94 0000 		call NutThreadCreate
 163 0132 8EEF      		ldi r24,lo8(-2)
 164 0134 0E94 0000 		call NutThreadSetPriority
 165 0138 0E94 0000 		call NutThreadYield
 166               	.L4:
 167 013c 68EE      		ldi r22,lo8(1000)
 168 013e 73E0      		ldi r23,hi8(1000)
 169 0140 80E0      		ldi r24,hlo8(1000)
 170 0142 90E0      		ldi r25,hhi8(1000)
 171 0144 0E94 0000 		call NutSleep
GAS LISTING C:\Users\acer\AppData\Local\Temp/ccdebnEe.s 			page 4


 172 0148 00C0      		rjmp .L4
 173               		.size	NutAppMain, .-NutAppMain
 174               		.section	.text.Thread4,"ax",@progbits
 175               	.global	Thread4
 176               		.type	Thread4, @function
 177               	Thread4:
 178               	/* prologue: function */
 179               	/* frame size = 0 */
 180 0000 10E1      		ldi r17,lo8(16)
 181               	.L7:
 182 0002 18BB      		out 56-32,r17
 183 0004 64EF      		ldi r22,lo8(500)
 184 0006 71E0      		ldi r23,hi8(500)
 185 0008 80E0      		ldi r24,hlo8(500)
 186 000a 90E0      		ldi r25,hhi8(500)
 187 000c 0E94 0000 		call NutSleep
 188 0010 18BA      		out 56-32,__zero_reg__
 189 0012 60E9      		ldi r22,lo8(400)
 190 0014 71E0      		ldi r23,hi8(400)
 191 0016 80E0      		ldi r24,hlo8(400)
 192 0018 90E0      		ldi r25,hhi8(400)
 193 001a 0E94 0000 		call NutSleep
 194 001e 00C0      		rjmp .L7
 195               		.size	Thread4, .-Thread4
 196               		.section	.text.Thread3,"ax",@progbits
 197               	.global	Thread3
 198               		.type	Thread3, @function
 199               	Thread3:
 200               	/* prologue: function */
 201               	/* frame size = 0 */
 202 0000 10E2      		ldi r17,lo8(32)
 203               	.L10:
 204 0002 18BB      		out 56-32,r17
 205 0004 64EF      		ldi r22,lo8(500)
 206 0006 71E0      		ldi r23,hi8(500)
 207 0008 80E0      		ldi r24,hlo8(500)
 208 000a 90E0      		ldi r25,hhi8(500)
 209 000c 0E94 0000 		call NutSleep
 210 0010 18BA      		out 56-32,__zero_reg__
 211 0012 6CE2      		ldi r22,lo8(300)
 212 0014 71E0      		ldi r23,hi8(300)
 213 0016 80E0      		ldi r24,hlo8(300)
 214 0018 90E0      		ldi r25,hhi8(300)
 215 001a 0E94 0000 		call NutSleep
 216 001e 00C0      		rjmp .L10
 217               		.size	Thread3, .-Thread3
 218               		.section	.text.Thread2,"ax",@progbits
 219               	.global	Thread2
 220               		.type	Thread2, @function
 221               	Thread2:
 222               	/* prologue: function */
 223               	/* frame size = 0 */
 224 0000 10E4      		ldi r17,lo8(64)
 225               	.L13:
 226 0002 18BB      		out 56-32,r17
 227 0004 64EF      		ldi r22,lo8(500)
 228 0006 71E0      		ldi r23,hi8(500)
GAS LISTING C:\Users\acer\AppData\Local\Temp/ccdebnEe.s 			page 5


 229 0008 80E0      		ldi r24,hlo8(500)
 230 000a 90E0      		ldi r25,hhi8(500)
 231 000c 0E94 0000 		call NutSleep
 232 0010 18BA      		out 56-32,__zero_reg__
 233 0012 68EC      		ldi r22,lo8(200)
 234 0014 70E0      		ldi r23,hi8(200)
 235 0016 80E0      		ldi r24,hlo8(200)
 236 0018 90E0      		ldi r25,hhi8(200)
 237 001a 0E94 0000 		call NutSleep
 238 001e 00C0      		rjmp .L13
 239               		.size	Thread2, .-Thread2
 240               		.section	.text.Thread1,"ax",@progbits
 241               	.global	Thread1
 242               		.type	Thread1, @function
 243               	Thread1:
 244               	/* prologue: function */
 245               	/* frame size = 0 */
 246 0000 10E8      		ldi r17,lo8(-128)
 247               	.L16:
 248 0002 18BB      		out 56-32,r17
 249 0004 64EF      		ldi r22,lo8(500)
 250 0006 71E0      		ldi r23,hi8(500)
 251 0008 80E0      		ldi r24,hlo8(500)
 252 000a 90E0      		ldi r25,hhi8(500)
 253 000c 0E94 0000 		call NutSleep
 254 0010 18BA      		out 56-32,__zero_reg__
 255 0012 64E6      		ldi r22,lo8(100)
 256 0014 70E0      		ldi r23,hi8(100)
 257 0016 80E0      		ldi r24,hlo8(100)
 258 0018 90E0      		ldi r25,hhi8(100)
 259 001a 0E94 0000 		call NutSleep
 260 001e 00C0      		rjmp .L16
 261               		.size	Thread1, .-Thread1
 262               		.data
 263               	.LC6:
 264 0012 0A45 6E74 		.string	"\nEnter your name: "
 264      6572 2079 
 264      6F75 7220 
 264      6E61 6D65 
 264      3A20 00
 265               	.LC7:
 266 0025 0A48 656C 		.string	"\nHello %s!\n"
 266      6C6F 2025 
 266      7321 0A00 
 267               		.section	.text.Thread5,"ax",@progbits
 268               	.global	Thread5
 269               		.type	Thread5, @function
 270               	Thread5:
 271               	/* prologue: function */
 272               	/* frame size = 0 */
 273 0000 00E0      		ldi r16,lo8(inbuf)
 274 0002 10E0      		ldi r17,hi8(inbuf)
 275 0004 C0E0      		ldi r28,lo8(.LC7)
 276 0006 D0E0      		ldi r29,hi8(.LC7)
 277               	.L23:
 278 0008 6091 0000 		lds r22,uart
 279 000c 7091 0000 		lds r23,(uart)+1
GAS LISTING C:\Users\acer\AppData\Local\Temp/ccdebnEe.s 			page 6


 280 0010 80E0      		ldi r24,lo8(.LC6)
 281 0012 90E0      		ldi r25,hi8(.LC6)
 282 0014 0E94 0000 		call fputs
 283 0018 8091 0000 		lds r24,uart
 284 001c 9091 0000 		lds r25,(uart)+1
 285 0020 0E94 0000 		call fflush
 286 0024 4091 0000 		lds r20,uart
 287 0028 5091 0000 		lds r21,(uart)+1
 288 002c 80E0      		ldi r24,lo8(inbuf)
 289 002e 90E0      		ldi r25,hi8(inbuf)
 290 0030 60E8      		ldi r22,lo8(128)
 291 0032 70E0      		ldi r23,hi8(128)
 292 0034 0E94 0000 		call fgets
 293 0038 80E0      		ldi r24,lo8(inbuf)
 294 003a 90E0      		ldi r25,hi8(inbuf)
 295 003c 6AE0      		ldi r22,lo8(10)
 296 003e 70E0      		ldi r23,hi8(10)
 297 0040 0E94 0000 		call strchr
 298 0044 FC01      		movw r30,r24
 299 0046 9093 0000 		sts (cp)+1,r25
 300 004a 8093 0000 		sts cp,r24
 301 004e 0097      		sbiw r24,0
 302 0050 01F0      		breq .L19
 303 0052 1082      		st Z,__zero_reg__
 304               	.L19:
 305 0054 8091 0000 		lds r24,inbuf
 306 0058 6091 0000 		lds r22,uart
 307 005c 7091 0000 		lds r23,(uart)+1
 308 0060 8823      		tst r24
 309 0062 01F0      		breq .L20
 310 0064 00D0      		rcall .
 311 0066 00D0      		rcall .
 312 0068 00D0      		rcall .
 313 006a EDB7      		in r30,__SP_L__
 314 006c FEB7      		in r31,__SP_H__
 315 006e 3196      		adiw r30,1
 316 0070 ADB7      		in r26,__SP_L__
 317 0072 BEB7      		in r27,__SP_H__
 318 0074 1296      		adiw r26,1+1
 319 0076 7C93      		st X,r23
 320 0078 6E93      		st -X,r22
 321 007a 1197      		sbiw r26,1
 322 007c D383      		std Z+3,r29
 323 007e C283      		std Z+2,r28
 324 0080 1583      		std Z+5,r17
 325 0082 0483      		std Z+4,r16
 326 0084 0E94 0000 		call fprintf
 327 0088 8DB7      		in r24,__SP_L__
 328 008a 9EB7      		in r25,__SP_H__
 329 008c 0696      		adiw r24,6
 330 008e 0FB6      		in __tmp_reg__,__SREG__
 331 0090 F894      		cli
 332 0092 9EBF      		out __SP_H__,r25
 333 0094 0FBE      		out __SREG__,__tmp_reg__
 334 0096 8DBF      		out __SP_L__,r24
 335 0098 00C0      		rjmp .L23
 336               	.L20:
GAS LISTING C:\Users\acer\AppData\Local\Temp/ccdebnEe.s 			page 7


 337 009a 80E0      		ldi r24,lo8(pgm_ptr)
 338 009c 90E0      		ldi r25,hi8(pgm_ptr)
 339 009e 0E94 0000 		call fputs_P
 340 00a2 00C0      		rjmp .L23
 341               		.size	Thread5, .-Thread5
 342               	.global	baud
 343               		.data
 344               		.type	baud, @object
 345               		.size	baud, 4
 346               	baud:
 347 0031 00        		.byte	0
 348 0032 C2        		.byte	-62
 349 0033 01        		.byte	1
 350 0034 00        		.byte	0
 351               	.LC8:
 352 0035 0A4E 7574 		.string	"\nNut/OS UART Sample Apr  4 2023 12:01:36\n"
 352      2F4F 5320 
 352      5541 5254 
 352      2053 616D 
 352      706C 6520 
 353               		.type	banner, @object
 354               		.size	banner, 2
 355               	banner:
 356 005f 0000      		.word	.LC8
 357               		.section	.progmem.data,"a",@progbits
 358               		.type	presskey_P, @object
 359               		.size	presskey_P, 17
 360               	presskey_P:
 361 0000 5072 6573 		.string	"Press any key..."
 361      7320 616E 
 361      7920 6B65 
 361      792E 2E2E 
 361      00
 362               		.lcomm tick_count.2492,4
 363               		.type	pgm_ptr, @object
 364               		.size	pgm_ptr, 18
 365               	pgm_ptr:
 366 0011 0A48 656C 		.string	"\nHello stranger!\n"
 366      6C6F 2073 
 366      7472 616E 
 366      6765 7221 
 366      0A00 
 367               		.lcomm inbuf,128
 368               		.comm got,2,1
 369               		.comm cp,2,1
 370               		.comm uart,2,1
 371               	.global __do_copy_data
 372               	.global __do_clear_bss
GAS LISTING C:\Users\acer\AppData\Local\Temp/ccdebnEe.s 			page 8


DEFINED SYMBOLS
                            *ABS*:00000000 five_thread.c
C:\Users\acer\AppData\Local\Temp/ccdebnEe.s:2      *ABS*:0000003f __SREG__
C:\Users\acer\AppData\Local\Temp/ccdebnEe.s:3      *ABS*:0000003e __SP_H__
C:\Users\acer\AppData\Local\Temp/ccdebnEe.s:4      *ABS*:0000003d __SP_L__
C:\Users\acer\AppData\Local\Temp/ccdebnEe.s:5      *ABS*:00000034 __CCP__
C:\Users\acer\AppData\Local\Temp/ccdebnEe.s:6      *ABS*:00000000 __tmp_reg__
C:\Users\acer\AppData\Local\Temp/ccdebnEe.s:7      *ABS*:00000001 __zero_reg__
C:\Users\acer\AppData\Local\Temp/ccdebnEe.s:11     .text.TimerTick:00000000 TimerTick
                             .bss:00000000 tick_count.2492
C:\Users\acer\AppData\Local\Temp/ccdebnEe.s:44     .text.NutAppMain:00000000 NutAppMain
                            *COM*:00000002 uart
C:\Users\acer\AppData\Local\Temp/ccdebnEe.s:346    .data:00000031 baud
C:\Users\acer\AppData\Local\Temp/ccdebnEe.s:355    .data:0000005f banner
C:\Users\acer\AppData\Local\Temp/ccdebnEe.s:360    .progmem.data:00000000 presskey_P
C:\Users\acer\AppData\Local\Temp/ccdebnEe.s:362    .bss:00000004 inbuf
                            *COM*:00000002 got
C:\Users\acer\AppData\Local\Temp/ccdebnEe.s:243    .text.Thread1:00000000 Thread1
C:\Users\acer\AppData\Local\Temp/ccdebnEe.s:221    .text.Thread2:00000000 Thread2
C:\Users\acer\AppData\Local\Temp/ccdebnEe.s:199    .text.Thread3:00000000 Thread3
C:\Users\acer\AppData\Local\Temp/ccdebnEe.s:177    .text.Thread4:00000000 Thread4
C:\Users\acer\AppData\Local\Temp/ccdebnEe.s:270    .text.Thread5:00000000 Thread5
                            *COM*:00000002 cp
C:\Users\acer\AppData\Local\Temp/ccdebnEe.s:365    .progmem.data:00000011 pgm_ptr

UNDEFINED SYMBOLS
devDebug0
NutRegisterDevice
fopen
_fileno
_ioctl
_write
_write_P
_read
NutThreadCreate
NutThreadSetPriority
NutThreadYield
NutSleep
fputs
fflush
fgets
strchr
fprintf
fputs_P
__do_copy_data
__do_clear_bss
